#
# There is insufficient memory for the Java Runtime Environment to continue.
# Native memory allocation (malloc) failed to allocate 1768832 bytes for Chunk::new
# Possible reasons:
#   The system is out of physical RAM or swap space
#   In 32 bit mode, the process size limit was hit
# Possible solutions:
#   Reduce memory load on the system
#   Increase physical memory or swap space
#   Check if swap backing store is full
#   Use 64 bit Java on a 64 bit OS
#   Decrease Java heap size (-Xmx/-Xms)
#   Decrease number of Java threads
#   Decrease Java thread stack sizes (-Xss)
#   Set larger code cache with -XX:ReservedCodeCacheSize=
# This output file may be truncated or incomplete.
#
#  Out of Memory Error (allocation.cpp:390), pid=3540, tid=0x00000000000051e0
#
# JRE version: Java(TM) SE Runtime Environment (8.0_92-b14) (build 1.8.0_92-b14)
# Java VM: Java HotSpot(TM) 64-Bit Server VM (25.92-b14 mixed mode windows-amd64 compressed oops)
# Failed to write core dump. Minidumps are not enabled by default on client versions of Windows
#

---------------  T H R E A D  ---------------

Current thread (0x0000000016a7d000):  JavaThread "C2 CompilerThread0" daemon [_thread_in_native, id=20960, stack(0x00000000180f0000,0x00000000181f0000)]

Stack: [0x00000000180f0000,0x00000000181f0000]
[error occurred during error reporting (printing stack bounds), id 0xc0000005]

Native frames: (J=compiled Java code, j=interpreted, Vv=VM code, C=native code)


Current CompileTask:
C2:  55998 15278   !   4       java.io.ObjectInputStream::readObject0 (554 bytes)


---------------  P R O C E S S  ---------------

Java Threads: ( => current thread )
  0x000000001d185000 JavaThread "Stdin handler" [_thread_blocked, id=1220, stack(0x000000002a970000,0x000000002aa70000)]
  0x000000001d183000 JavaThread "Asynchronous log dispatcher for DefaultDaemonConnection: socket connection from /127.0.0.1:64152 to /127.0.0.1:64185" [_thread_blocked, id=7988, stack(0x000000002a870000,0x000000002a970000)]
  0x000000001d181800 JavaThread "Cancel handler" [_thread_blocked, id=12572, stack(0x000000002a770000,0x000000002a870000)]
  0x000000001d180000 JavaThread "Handler for socket connection from /127.0.0.1:64152 to /127.0.0.1:64185" [_thread_in_native, id=3840, stack(0x000000002a670000,0x000000002a770000)]
  0x0000000019c72000 JavaThread "pool-2-thread-1" [_thread_blocked, id=11072, stack(0x000000001fcb0000,0x000000001fdb0000)]
  0x0000000019c6c000 JavaThread "File lock request listener" [_thread_in_native, id=21384, stack(0x000000001d9f0000,0x000000001daf0000)]
  0x00000000199bd000 JavaThread "Daemon worker" [_thread_in_native, id=16896, stack(0x000000001af50000,0x000000001b050000)]
  0x0000000019672000 JavaThread "Daemon" [_thread_blocked, id=23496, stack(0x000000001ac50000,0x000000001ad50000)]
  0x0000000019c98800 JavaThread "Incoming local TCP Connector on port 64152" [_thread_in_native, id=19968, stack(0x000000001a800000,0x000000001a900000)]
  0x0000000019fc4800 JavaThread "pool-1-thread-1" [_thread_blocked, id=8100, stack(0x000000001a500000,0x000000001a600000)]
  0x0000000016add800 JavaThread "Service Thread" daemon [_thread_blocked, id=16760, stack(0x00000000187f0000,0x00000000188f0000)]
  0x0000000016a86800 JavaThread "C1 CompilerThread2" daemon [_thread_blocked, id=820, stack(0x00000000182f0000,0x00000000183f0000)]
  0x0000000016a83800 JavaThread "C2 CompilerThread1" daemon [_thread_in_native, id=21080, stack(0x00000000181f0000,0x00000000182f0000)]
=>0x0000000016a7d000 JavaThread "C2 CompilerThread0" daemon [_thread_in_native, id=20960, stack(0x00000000180f0000,0x00000000181f0000)]
  0x0000000016a7b800 JavaThread "Attach Listener" daemon [_thread_blocked, id=16260, stack(0x0000000017ff0000,0x00000000180f0000)]
  0x0000000016a7a000 JavaThread "Signal Dispatcher" daemon [_thread_blocked, id=22384, stack(0x0000000017ef0000,0x0000000017ff0000)]
  0x0000000016a6a800 JavaThread "Finalizer" daemon [_thread_blocked, id=21968, stack(0x0000000017ce0000,0x0000000017de0000)]
  0x0000000003100800 JavaThread "Reference Handler" daemon [_thread_blocked, id=19520, stack(0x0000000017be0000,0x0000000017ce0000)]
  0x0000000002e7e000 JavaThread "main" [_thread_blocked, id=10560, stack(0x0000000002f10000,0x0000000003010000)]

Other Threads:
  0x0000000016a48000 VMThread [stack: 0x0000000017ae0000,0x0000000017be0000] [id=18016]
  0x000000001842d800 WatcherThread [stack: 0x00000000188f0000,0x00000000189f0000] [id=4364]

VM state:not at safepoint (normal execution)

VM Mutex/Monitor currently owned by a thread: None

Heap:
 PSYoungGen      total 325632K, used 59038K [0x00000000e0000000, 0x00000000f8300000, 0x0000000100000000)
  eden space 293888K, 11% used [0x00000000e0000000,0x00000000e21eb110,0x00000000f1f00000)
  from space 31744K, 76% used [0x00000000f1f00000,0x00000000f36bcaa0,0x00000000f3e00000)
  to   space 33280K, 0% used [0x00000000f6280000,0x00000000f6280000,0x00000000f8300000)
 ParOldGen       total 224768K, used 55610K [0x00000000a0000000, 0x00000000adb80000, 0x00000000e0000000)
  object space 224768K, 24% used [0x00000000a0000000,0x00000000a364ea48,0x00000000adb80000)
 Metaspace       used 71173K, capacity 74130K, committed 74456K, reserved 1114112K
  class space    used 8930K, capacity 9383K, committed 9472K, reserved 1048576K

Card table byte_map: [0x00000000124d0000,0x00000000127e0000] byte_map_base: 0x0000000011fd0000

Marking Bits: (ParMarkBitMap*) 0x000000006e2764f0
 Begin Bits: [0x0000000012de0000, 0x00000000145e0000)
 End Bits:   [0x00000000145e0000, 0x0000000015de0000)

Polling page: 0x0000000002e40000

CodeCache: size=245760Kb used=43621Kb max_used=43635Kb free=202138Kb
 bounds [0x0000000003110000, 0x0000000005be0000, 0x0000000012110000]
 total_blobs=13119 nmethods=12308 adapters=720
 compilation: enabled

Compilation events (10 events):
Event: 55.995 Thread 0x0000000016a86800 15366       3       org.gradle.internal.resource.local.LocallyAvailableResourceFinderSearchableFileStoreAdapter$1::transform (6 bytes)
Event: 55.995 Thread 0x0000000016a86800 nmethod 15366 0x0000000005bd3450 code [0x0000000005bd35c0, 0x0000000005bd38b0]
Event: 55.995 Thread 0x0000000016a86800 15367       3       org.gradle.internal.resource.local.LocallyAvailableResourceFinderSearchableFileStoreAdapter$1::transform (10 bytes)
Event: 55.995 Thread 0x0000000016a86800 nmethod 15367 0x0000000005bc3390 code [0x0000000005bc3500, 0x0000000005bc3790]
Event: 55.995 Thread 0x0000000016a86800 15368       3       org.gradle.internal.resource.local.LocallyAvailableResourceFinderSearchableFileStoreAdapter$1$1::<init> (15 bytes)
Event: 55.995 Thread 0x0000000016a86800 nmethod 15368 0x0000000005bd3a10 code [0x0000000005bd3b60, 0x0000000005bd3d30]
Event: 55.995 Thread 0x0000000016a86800 15369       3       org.gradle.internal.resource.local.ivy.PatternBasedLocallyAvailableResourceFinder$1::transform (9 bytes)
Event: 55.995 Thread 0x0000000016a86800 nmethod 15369 0x0000000005bd3dd0 code [0x0000000005bd3f40, 0x0000000005bd43b0]
Event: 55.995 Thread 0x0000000016a86800 15370       3       org.gradle.internal.resource.local.ivy.PatternBasedLocallyAvailableResourceFinder$1::transform (10 bytes)
Event: 55.996 Thread 0x0000000016a86800 nmethod 15370 0x0000000005bd4510 code [0x0000000005bd4680, 0x0000000005bd4910]

GC Heap History (10 events):
Event: 19.868 GC heap before
{Heap before GC invocations=16 (full 3):
 PSYoungGen      total 219648K, used 189440K [0x00000000e0000000, 0x00000000f1280000, 0x0000000100000000)
  eden space 189440K, 100% used [0x00000000e0000000,0x00000000eb900000,0x00000000eb900000)
  from space 30208K, 0% used [0x00000000ed900000,0x00000000ed900000,0x00000000ef680000)
  to   space 32768K, 0% used [0x00000000eb900000,0x00000000eb900000,0x00000000ed900000)
 ParOldGen       total 224768K, used 55570K [0x00000000a0000000, 0x00000000adb80000, 0x00000000e0000000)
  object space 224768K, 24% used [0x00000000a0000000,0x00000000a3644a48,0x00000000adb80000)
 Metaspace       used 66617K, capacity 69176K, committed 69464K, reserved 1110016K
  class space    used 8628K, capacity 9066K, committed 9088K, reserved 1048576K
Event: 19.878 GC heap after
Heap after GC invocations=16 (full 3):
 PSYoungGen      total 222208K, used 18806K [0x00000000e0000000, 0x00000000f3300000, 0x0000000100000000)
  eden space 189440K, 0% used [0x00000000e0000000,0x00000000e0000000,0x00000000eb900000)
  from space 32768K, 57% used [0x00000000eb900000,0x00000000ecb5db48,0x00000000ed900000)
  to   space 32256K, 0% used [0x00000000f1380000,0x00000000f1380000,0x00000000f3300000)
 ParOldGen       total 224768K, used 55578K [0x00000000a0000000, 0x00000000adb80000, 0x00000000e0000000)
  object space 224768K, 24% used [0x00000000a0000000,0x00000000a3646a48,0x00000000adb80000)
 Metaspace       used 66617K, capacity 69176K, committed 69464K, reserved 1110016K
  class space    used 8628K, capacity 9066K, committed 9088K, reserved 1048576K
}
Event: 24.965 GC heap before
{Heap before GC invocations=17 (full 3):
 PSYoungGen      total 222208K, used 208246K [0x00000000e0000000, 0x00000000f3300000, 0x0000000100000000)
  eden space 189440K, 100% used [0x00000000e0000000,0x00000000eb900000,0x00000000eb900000)
  from space 32768K, 57% used [0x00000000eb900000,0x00000000ecb5db48,0x00000000ed900000)
  to   space 32256K, 0% used [0x00000000f1380000,0x00000000f1380000,0x00000000f3300000)
 ParOldGen       total 224768K, used 55578K [0x00000000a0000000, 0x00000000adb80000, 0x00000000e0000000)
  object space 224768K, 24% used [0x00000000a0000000,0x00000000a3646a48,0x00000000adb80000)
 Metaspace       used 67644K, capacity 70418K, committed 70616K, reserved 1110016K
  class space    used 8703K, capacity 9171K, committed 9216K, reserved 1048576K
Event: 24.977 GC heap after
Heap after GC invocations=17 (full 3):
 PSYoungGen      total 266752K, used 17836K [0x00000000e0000000, 0x00000000f2b00000, 0x0000000100000000)
  eden space 242688K, 0% used [0x00000000e0000000,0x00000000e0000000,0x00000000eed00000)
  from space 24064K, 74% used [0x00000000f1380000,0x00000000f24eb190,0x00000000f2b00000)
  to   space 31744K, 0% used [0x00000000eed00000,0x00000000eed00000,0x00000000f0c00000)
 ParOldGen       total 224768K, used 55586K [0x00000000a0000000, 0x00000000adb80000, 0x00000000e0000000)
  object space 224768K, 24% used [0x00000000a0000000,0x00000000a3648a48,0x00000000adb80000)
 Metaspace       used 67644K, capacity 70418K, committed 70616K, reserved 1110016K
  class space    used 8703K, capacity 9171K, committed 9216K, reserved 1048576K
}
Event: 31.322 GC heap before
{Heap before GC invocations=18 (full 3):
 PSYoungGen      total 266752K, used 260524K [0x00000000e0000000, 0x00000000f2b00000, 0x0000000100000000)
  eden space 242688K, 100% used [0x00000000e0000000,0x00000000eed00000,0x00000000eed00000)
  from space 24064K, 74% used [0x00000000f1380000,0x00000000f24eb190,0x00000000f2b00000)
  to   space 31744K, 0% used [0x00000000eed00000,0x00000000eed00000,0x00000000f0c00000)
 ParOldGen       total 224768K, used 55586K [0x00000000a0000000, 0x00000000adb80000, 0x00000000e0000000)
  object space 224768K, 24% used [0x00000000a0000000,0x00000000a3648a48,0x00000000adb80000)
 Metaspace       used 68288K, capacity 71096K, committed 71128K, reserved 1112064K
  class space    used 8739K, capacity 9214K, committed 9216K, reserved 1048576K
Event: 31.334 GC heap after
Heap after GC invocations=18 (full 3):
 PSYoungGen      total 274432K, used 19499K [0x00000000e0000000, 0x00000000f6400000, 0x0000000100000000)
  eden space 242688K, 0% used [0x00000000e0000000,0x00000000e0000000,0x00000000eed00000)
  from space 31744K, 61% used [0x00000000eed00000,0x00000000f000adb0,0x00000000f0c00000)
  to   space 31232K, 0% used [0x00000000f4580000,0x00000000f4580000,0x00000000f6400000)
 ParOldGen       total 224768K, used 55594K [0x00000000a0000000, 0x00000000adb80000, 0x00000000e0000000)
  object space 224768K, 24% used [0x00000000a0000000,0x00000000a364aa48,0x00000000adb80000)
 Metaspace       used 68288K, capacity 71096K, committed 71128K, reserved 1112064K
  class space    used 8739K, capacity 9214K, committed 9216K, reserved 1048576K
}
Event: 37.307 GC heap before
{Heap before GC invocations=19 (full 3):
 PSYoungGen      total 274432K, used 262187K [0x00000000e0000000, 0x00000000f6400000, 0x0000000100000000)
  eden space 242688K, 100% used [0x00000000e0000000,0x00000000eed00000,0x00000000eed00000)
  from space 31744K, 61% used [0x00000000eed00000,0x00000000f000adb0,0x00000000f0c00000)
  to   space 31232K, 0% used [0x00000000f4580000,0x00000000f4580000,0x00000000f6400000)
 ParOldGen       total 224768K, used 55594K [0x00000000a0000000, 0x00000000adb80000, 0x00000000e0000000)
  object space 224768K, 24% used [0x00000000a0000000,0x00000000a364aa48,0x00000000adb80000)
 Metaspace       used 69033K, capacity 71842K, committed 72024K, reserved 1112064K
  class space    used 8772K, capacity 9221K, committed 9344K, reserved 1048576K
Event: 37.320 GC heap after
Heap after GC invocations=19 (full 3):
 PSYoungGen      total 317952K, used 21486K [0x00000000e0000000, 0x00000000f5d00000, 0x0000000100000000)
  eden space 293888K, 0% used [0x00000000e0000000,0x00000000e0000000,0x00000000f1f00000)
  from space 24064K, 89% used [0x00000000f4580000,0x00000000f5a7ba68,0x00000000f5d00000)
  to   space 31744K, 0% used [0x00000000f1f00000,0x00000000f1f00000,0x00000000f3e00000)
 ParOldGen       total 224768K, used 55602K [0x00000000a0000000, 0x00000000adb80000, 0x00000000e0000000)
  object space 224768K, 24% used [0x00000000a0000000,0x00000000a364ca48,0x00000000adb80000)
 Metaspace       used 69033K, capacity 71842K, committed 72024K, reserved 1112064K
  class space    used 8772K, capacity 9221K, committed 9344K, reserved 1048576K
}
Event: 45.277 GC heap before
{Heap before GC invocations=20 (full 3):
 PSYoungGen      total 317952K, used 315374K [0x00000000e0000000, 0x00000000f5d00000, 0x0000000100000000)
  eden space 293888K, 100% used [0x00000000e0000000,0x00000000f1f00000,0x00000000f1f00000)
  from space 24064K, 89% used [0x00000000f4580000,0x00000000f5a7ba68,0x00000000f5d00000)
  to   space 31744K, 0% used [0x00000000f1f00000,0x00000000f1f00000,0x00000000f3e00000)
 ParOldGen       total 224768K, used 55602K [0x00000000a0000000, 0x00000000adb80000, 0x00000000e0000000)
  object space 224768K, 24% used [0x00000000a0000000,0x00000000a364ca48,0x00000000adb80000)
 Metaspace       used 69436K, capacity 72230K, committed 72536K, reserved 1112064K
  class space    used 8796K, capacity 9233K, committed 9344K, reserved 1048576K
Event: 45.295 GC heap after
Heap after GC invocations=20 (full 3):
 PSYoungGen      total 325632K, used 24306K [0x00000000e0000000, 0x00000000f8300000, 0x0000000100000000)
  eden space 293888K, 0% used [0x00000000e0000000,0x00000000e0000000,0x00000000f1f00000)
  from space 31744K, 76% used [0x00000000f1f00000,0x00000000f36bcaa0,0x00000000f3e00000)
  to   space 33280K, 0% used [0x00000000f6280000,0x00000000f6280000,0x00000000f8300000)
 ParOldGen       total 224768K, used 55610K [0x00000000a0000000, 0x00000000adb80000, 0x00000000e0000000)
  object space 224768K, 24% used [0x00000000a0000000,0x00000000a364ea48,0x00000000adb80000)
 Metaspace       used 69436K, capacity 72230K, committed 72536K, reserved 1112064K
  class space    used 8796K, capacity 9233K, committed 9344K, reserved 1048576K
}

Deoptimization events (10 events):
Event: 55.873 Thread 0x00000000199bd000 Uncommon trap: reason=bimorphic action=maybe_recompile pc=0x00000000051f0b1c method=com.google.common.cache.LocalCache$Segment.setValue(Lcom/google/common/cache/LocalCache$ReferenceEntry;Ljava/lang/Object;Ljava/lang/Object;J)V @ 1
Event: 55.886 Thread 0x00000000199bd000 Uncommon trap: reason=unstable_if action=reinterpret pc=0x0000000004cddef4 method=com.sun.org.apache.xerces.internal.parsers.XML11Configuration.addRecognizedParamsAndSetDefaults(Lcom/sun/org/apache/xerces/internal/xni/parser/XMLComponent;)V @ 144
Event: 55.887 Thread 0x00000000199bd000 Uncommon trap: reason=unstable_if action=reinterpret pc=0x0000000005238054 method=com.sun.org.apache.xerces.internal.dom.AttrImpl.getNodeName()Ljava/lang/String; @ 4
Event: 55.887 Thread 0x00000000199bd000 Uncommon trap: reason=unstable_if action=reinterpret pc=0x000000000522af10 method=com.sun.org.apache.xerces.internal.dom.AttrImpl.getNodeName()Ljava/lang/String; @ 4
Event: 55.887 Thread 0x00000000199bd000 Uncommon trap: reason=unstable_if action=reinterpret pc=0x0000000003647568 method=com.sun.org.apache.xerces.internal.dom.AttrImpl.getNodeName()Ljava/lang/String; @ 4
Event: 55.956 Thread 0x00000000199bd000 Uncommon trap: reason=bimorphic action=maybe_recompile pc=0x00000000056e39f0 method=com.sun.org.apache.xerces.internal.impl.XMLDocumentFragmentScannerImpl.scanDocument(Z)Z @ 147
Event: 55.963 Thread 0x00000000199bd000 Uncommon trap: reason=bimorphic action=maybe_recompile pc=0x00000000056e39f0 method=com.sun.org.apache.xerces.internal.impl.XMLDocumentFragmentScannerImpl.scanDocument(Z)Z @ 147
Event: 55.967 Thread 0x00000000199bd000 Uncommon trap: reason=bimorphic action=maybe_recompile pc=0x00000000056e39f0 method=com.sun.org.apache.xerces.internal.impl.XMLDocumentFragmentScannerImpl.scanDocument(Z)Z @ 147
Event: 55.968 Thread 0x00000000199bd000 Uncommon trap: reason=unstable_if action=reinterpret pc=0x0000000004826bb0 method=com.sun.org.apache.xerces.internal.dom.NodeImpl.isNormalized(Z)V @ 1
Event: 55.971 Thread 0x00000000199bd000 Uncommon trap: reason=bimorphic action=maybe_recompile pc=0x00000000056e39f0 method=com.sun.org.apache.xerces.internal.impl.XMLDocumentFragmentScannerImpl.scanDocument(Z)Z @ 147

Internal exceptions (10 events):
Event: 32.943 Thread 0x00000000199bd000 Exception <a 'java/lang/ArrayIndexOutOfBoundsException'> (0x00000000e4dc7ff8) thrown at [D:\re\workspace\8-2-build-windows-amd64-cygwin\jdk8u92\6642\hotspot\src\share\vm\runtime\sharedRuntime.cpp, line 605]
Event: 45.300 Thread 0x00000000199bd000 Implicit null exception at 0x000000000597ba16 to 0x000000000597bdc9
Event: 45.423 Thread 0x0000000019672000 Exception <a 'java/lang/NoSuchMethodError': <clinit>> (0x00000000e0ca56c0) thrown at [D:\re\workspace\8-2-build-windows-amd64-cygwin\jdk8u92\6642\hotspot\src\share\vm\prims\jni.cpp, line 1613]
Event: 45.423 Thread 0x0000000019672000 Exception <a 'java/lang/NoSuchMethodError': <clinit>> (0x00000000e0ca69f0) thrown at [D:\re\workspace\8-2-build-windows-amd64-cygwin\jdk8u92\6642\hotspot\src\share\vm\prims\jni.cpp, line 1613]
Event: 45.423 Thread 0x0000000019672000 Exception <a 'java/lang/NoSuchMethodError': <clinit>> (0x00000000e0cb0b60) thrown at [D:\re\workspace\8-2-build-windows-amd64-cygwin\jdk8u92\6642\hotspot\src\share\vm\prims\jni.cpp, line 1613]
Event: 45.424 Thread 0x0000000019672000 Exception <a 'java/lang/NoSuchMethodError': <clinit>> (0x00000000e0cba268) thrown at [D:\re\workspace\8-2-build-windows-amd64-cygwin\jdk8u92\6642\hotspot\src\share\vm\prims\jni.cpp, line 1613]
Event: 45.424 Thread 0x0000000019672000 Exception <a 'java/lang/NoSuchMethodError': <clinit>> (0x00000000e0cbbf60) thrown at [D:\re\workspace\8-2-build-windows-amd64-cygwin\jdk8u92\6642\hotspot\src\share\vm\prims\jni.cpp, line 1613]
Event: 45.428 Thread 0x0000000019712000 Exception <a 'java/lang/NoSuchMethodError': <clinit>> (0x00000000e1376948) thrown at [D:\re\workspace\8-2-build-windows-amd64-cygwin\jdk8u92\6642\hotspot\src\share\vm\prims\jni.cpp, line 1613]
Event: 55.837 Thread 0x00000000199bd000 Exception <a 'java/lang/ClassNotFoundException': asLocalRepo10082_80zrfse674zkt3g7p747wnsrhBeanInfo> (0x00000000e09bc828) thrown at [D:\re\workspace\8-2-build-windows-amd64-cygwin\jdk8u92\6642\hotspot\src\share\vm\classfile\systemDictionary.cpp, line 210]
Event: 55.837 Thread 0x00000000199bd000 Exception <a 'java/lang/ClassNotFoundException': asLocalRepo10082_80zrfse674zkt3g7p747wnsrhCustomizer> (0x00000000e09c7ec0) thrown at [D:\re\workspace\8-2-build-windows-amd64-cygwin\jdk8u92\6642\hotspot\src\share\vm\classfile\systemDictionary.cpp, line 210Cuóð·x@@

Events (10 events):
Event: 55.963 Thread 0x00000000199bd000 DEOPT UNPACKING pc=0x000000000315582a sp=0x000000001b0492a0 mode 2
Event: 55.967 Thread 0x00000000199bd000 Uncommon trap: trap_request=0xffffffc6 fr.pc=0x00000000056e39f0
Event: 55.967 Thread 0x00000000199bd000 DEOPT PACKING pc=0x00000000056e39f0 sp=0x000000001b048050
Event: 55.967 Thread 0x00000000199bd000 DEOPT UNPACKING pc=0x000000000315582a sp=0x000000001b048040 mode 2
Event: 55.968 Thread 0x00000000199bd000 Uncommon trap: trap_request=0xffffff65 fr.pc=0x0000000004826bb0
Event: 55.968 Thread 0x00000000199bd000 DEOPT PACKING pc=0x0000000004826bb0 sp=0x000000001b0483b0
Event: 55.968 Thread 0x00000000199bd000 DEOPT UNPACKING pc=0x000000000315582a sp=0x000000001b048348 mode 2
Event: 55.971 Thread 0x00000000199bd000 Uncommon trap: trap_request=0xffffffc6 fr.pc=0x00000000056e39f0
Event: 55.971 Thread 0x00000000199bd000 DEOPT PACKING pc=0x00000000056e39f0 sp=0x000000001b049180
Event: 55.971 Thread 0x00000000199bd000 DEOPT UNPACKING pc=0x000000000315582a sp=0x000000001b049170 mode 2


Dynamic libraries:
0x00007ff765290000 - 0x00007ff7652c7000 	G:\Program Files\Java\jdk1.8.0_92\bin\java.exe
0x00007fffc4e20000 - 0x00007fffc4ffb000 	C:\WINDOWS\SYSTEM32\ntdll.dll
0x00007fffc2f00000 - 0x00007fffc2fae000 	C:\WINDOWS\System32\KERNEL32.DLL
0x00007fffc1420000 - 0x00007fffc1669000 	C:\WINDOWS\System32\KERNELBASE.dll
0x00007fffc2a00000 - 0x00007fffc2aa1000 	C:\WINDOWS\System32\ADVAPI32.dll
0x00007fffc4d80000 - 0x00007fffc4e1d000 	C:\WINDOWS\System32\msvcrt.dll
0x00007fffc24f0000 - 0x00007fffc2549000 	C:\WINDOWS\System32\sechost.dll
0x00007fffc2550000 - 0x00007fffc2675000 	C:\WINDOWS\System32\RPCRT4.dll
0x00007fffc2360000 - 0x00007fffc24aa000 	C:\WINDOWS\System32\USER32.dll
0x00007fffc18f0000 - 0x00007fffc190e000 	C:\WINDOWS\System32\win32u.dll
0x00007fffc24b0000 - 0x00007fffc24d7000 	C:\WINDOWS\System32\GDI32.dll
0x00007fffc1670000 - 0x00007fffc17f7000 	C:\WINDOWS\System32\gdi32full.dll
0x00007fffc1850000 - 0x00007fffc18ea000 	C:\WINDOWS\System32\msvcp_win.dll
0x00007fffc1320000 - 0x00007fffc1416000 	C:\WINDOWS\System32\ucrtbase.dll
0x00007fffb0db0000 - 0x00007fffb1017000 	C:\WINDOWS\WinSxS\amd64_microsoft.windows.common-controls_6595b64144ccf1df_6.0.15063.483_none_26002d27e7c744a2\COMCTL32.dll
0x00007fffc2680000 - 0x00007fffc2979000 	C:\WINDOWS\System32\combase.dll
0x00007fffc1910000 - 0x00007fffc197a000 	C:\WINDOWS\System32\bcryptPrimitives.dll
0x00007fffc36e0000 - 0x00007fffc370d000 	C:\WINDOWS\System32\IMM32.DLL
0x000000006e300000 - 0x000000006e3d2000 	G:\Program Files\Java\jdk1.8.0_92\jre\bin\msvcr100.dll
0x000000006da60000 - 0x000000006e2f6000 	G:\Program Files\Java\jdk1.8.0_92\jre\bin\server\jvm.dll
0x00007fffc24e0000 - 0x00007fffc24e8000 	C:\WINDOWS\System32\PSAPI.DLL
0x00007fffb69f0000 - 0x00007fffb69fa000 	C:\WINDOWS\SYSTEM32\VERSION.dll
0x00007fffb6690000 - 0x00007fffb6699000 	C:\WINDOWS\SYSTEM32\WSOCK32.dll
0x00007fffb6570000 - 0x00007fffb6593000 	C:\WINDOWS\SYSTEM32\WINMM.dll
0x00007fffc3420000 - 0x00007fffc348c000 	C:\WINDOWS\System32\WS2_32.dll
0x00007fffb63f0000 - 0x00007fffb641b000 	C:\WINDOWS\SYSTEM32\WINMMBASE.dll
0x00007fffc1800000 - 0x00007fffc1849000 	C:\WINDOWS\System32\cfgmgr32.dll
0x0000000071450000 - 0x000000007145f000 	G:\Program Files\Java\jdk1.8.0_92\jre\bin\verify.dll
0x0000000071420000 - 0x0000000071449000 	G:\Program Files\Java\jdk1.8.0_92\jre\bin\java.dll
0x0000000071400000 - 0x0000000071416000 	G:\Program Files\Java\jdk1.8.0_92\jre\bin\zip.dll
0x00007fffc3920000 - 0x00007fffc4d56000 	C:\WINDOWS\System32\SHELL32.dll
0x00007fffc3100000 - 0x00007fffc31aa000 	C:\WINDOWS\System32\shcore.dll
0x00007fffc1b50000 - 0x00007fffc2241000 	C:\WINDOWS\System32\windows.storage.dll
0x00007fffc34b0000 - 0x00007fffc3501000 	C:\WINDOWS\System32\shlwapi.dll
0x00007fffc12e0000 - 0x00007fffc12f1000 	C:\WINDOWS\System32\kernel.appcore.dll
0x00007fffc1270000 - 0x00007fffc12bc000 	C:\WINDOWS\System32\powrprof.dll
0x00007fffc12c0000 - 0x00007fffc12d5000 	C:\WINDOWS\System32\profapi.dll
0x00000000712a0000 - 0x00000000712ba000 	G:\Program Files\Java\jdk1.8.0_92\jre\bin\net.dll
0x00007fffc0b20000 - 0x00007fffc0b7c000 	C:\WINDOWS\system32\mswsock.dll
0x000000006da40000 - 0x000000006da51000 	G:\Program Files\Java\jdk1.8.0_92\jre\bin\nio.dll
0x00007fffba980000 - 0x00007fffba99e000 	C:\Users\Domenico\.gradle\native\23\windows-amd64\native-platform.dll
0x00007fffc0cc0000 - 0x00007fffc0cd7000 	C:\WINDOWS\SYSTEM32\CRYPTSP.dll
0x00007fffc0740000 - 0x00007fffc0774000 	C:\WINDOWS\system32\rsaenh.dll
0x00007fffc1140000 - 0x00007fffc1165000 	C:\WINDOWS\SYSTEM32\bcrypt.dll
0x00007fffc1170000 - 0x00007fffc1199000 	C:\WINDOWS\SYSTEM32\USERENV.dll
0x00007fffc0ce0000 - 0x00007fffc0ceb000 	C:\WINDOWS\SYSTEM32\CRYPTBASE.dll
0x00007fffc08c0000 - 0x00007fffc08f7000 	C:\WINDOWS\SYSTEM32\IPHLPAPI.DLL
0x00007fffc2ef0000 - 0x00007fffc2ef8000 	C:\WINDOWS\System32\NSI.dll
0x00007fffbcf50000 - 0x00007fffbcf66000 	C:\WINDOWS\SYSTEM32\dhcpcsvc6.DLL
0x00007fffbcf30000 - 0x00007fffbcf4a000 	C:\WINDOWS\SYSTEM32\dhcpcsvc.DLL
0x000000006da30000 - 0x000000006da3d000 	G:\Program Files\Java\jdk1.8.0_92\jre\bin\management.dll

VM Arguments:
jvm_args: -Xmx1536m -Dfile.encoding=windows-1252 -Duser.country=IT -Duser.language=it -Duser.variant 
java_command: org.gradle.launcher.daemon.bootstrap.GradleDaemon 3.3
java_class_path (initial): C:\Users\Domenico\.gradle\wrapper\dists\gradle-3.3-all\55gk2rcmfc6p2dg9u9ohc3hw9\gradle-3.3\lib\gradle-launcher-3.3.jar
Launcher Type: SUN_STANDARD

Environment Variables:
JAVA_HOME=G:\Program Files\Java\jdk1.8.0_92\
PATH=C:\ProgramData\Oracle\Java\javapath;C:\Program Files\Common Files\Microsoft Shared\Windows Live;C:\Program Files (x86)\Common Files\Microsoft Shared\Windows Live;C:\Program Files (x86)\Intel\iCLS Client\;C:\Program Files\Intel\iCLS Client\;C:\WINDOWS\system32;C:\WINDOWS;C:\WINDOWS\System32\Wbem;C:\WINDOWS\System32\WindowsPowerShell\v1.0\;C:\Program Files (x86)\ATI Technologies\ATI.ACE\Core-Static;C:\Program Files (x86)\Windows Live\Shared;C:\Program Files\Microsoft SQL Server\110\Tools\Binn\;C:\Program Files (x86)\GtkSharp\2.12\bin;C:\Program Files (x86)\AMD\ATI.ACE\Core-Static;C:\wamp\bin\php\php5.5.12;C:\ProgramData\ComposerSetup\bin;C:\Program Files (x86)\Intel\Intel(R) Management Engine Components\DAL;C:\Program Files\Intel\Intel(R) Management Engine Components\DAL;C:\Program Files (x86)\Intel\Intel(R) Management Engine Components\IPT;C:\Program Files\Intel\Intel(R) Management Engine Components\IPT;C:\Program Files (x86)\Skype\Phone\;G:\Program Files\Java\jdk1.8.0_92\bin;C:\Program Files (x86)\GnuWin32\bin;G:\sdk1\platform-tools;C:\Program Files\Microsoft SQL Server\130\Tools\Binn\;C:\Program Files\dotnet\;C:\Users\Domenico\AppData\Local\Microsoft\WindowsApps;
USERNAME=Domenico
OS=Windows_NT
PROCESSOR_IDENTIFIER=Intel64 Family 6 Model 58 Stepping 9, GenuineIntel



---------------  S Y S T E M  ---------------

OS: Windows 10.0 , 64 bit Build 15063 (10.0.15063.296)

CPU:total 4 (4 cores per cpu, 1 threads per core) family 6 model 58 stepping 9, cmov, cx8, fxsr, mmx, sse, sse2, sse3, ssse3, sse4.1, sse4.2, popcnt, avx, aes, clmul, erms, tsc, tscinvbit, tscinv

Memory: 4k page, physical 12525132k(2902212k free), swap 15670860k(6424k free)

vm_info: Java HotSpot(TM) 64-Bit Server VM (25.92-b14) for windows-amd64 JRE (1.8.0_92-b14), built on Mar 31 2016 21:03:04 by "java_re" with MS VC++ 10.0 (VS2010)

time: Sat Nov 04 15:14:41 2017
elapsed time: 56 seconds (0d 0h 0m 56s)

